<?xml version="1.0" encoding="UTF-8"?>
<!-- Generated by org.testng.reporters.JUnitReportReporter -->
<testsuite hostname="DESKTOP-D84TOFF" failures="0" tests="1" name="restAPI.PostRequestWithFile" time="5.184" errors="0" timestamp="08 Jul 2023 06:00:17 GMT" skipped="0">
  <testcase classname="restAPI.PostRequestWithFile" name="test1" time="5.184"/>
</testsuite> <!-- restAPI.PostRequestWithFile -->
