<?xml version="1.0" encoding="UTF-8"?>
<!-- Generated by org.testng.reporters.JUnitReportReporter -->
<testsuite hostname="DESKTOP-D84TOFF" failures="0" tests="1" name="restAPI.GetReuest" time="5.840" errors="0" timestamp="08 Jul 2023 06:27:45 GMT" skipped="0">
  <testcase classname="restAPI.GetReuest" name="test1" time="5.840"/>
</testsuite> <!-- restAPI.GetReuest -->
