<?xml version="1.0" encoding="UTF-8"?>
<!-- Generated by org.testng.reporters.JUnitReportReporter -->
<testsuite hostname="DESKTOP-D84TOFF" failures="0" tests="1" name="springbootApp.GetAllEmployee" time="14.672" errors="0" timestamp="08 Jul 2023 06:51:28 GMT" skipped="0">
  <testcase classname="springbootApp.GetAllEmployee" name="test1" time="14.672"/>
</testsuite> <!-- springbootApp.GetAllEmployee -->
