<?xml version="1.0" encoding="UTF-8"?>
<!-- Generated by org.testng.reporters.JUnitReportReporter -->
<testsuite hostname="DESKTOP-D84TOFF" failures="0" tests="1" name="restAPIBDD.PostRequestBDD" time="4.226" errors="0" timestamp="09 Jul 2023 04:44:12 GMT" skipped="0">
  <testcase classname="restAPIBDD.PostRequestBDD" name="test1" time="4.226"/>
</testsuite> <!-- restAPIBDD.PostRequestBDD -->
