<?xml version="1.0" encoding="UTF-8"?>
<!-- Generated by org.testng.reporters.JUnitReportReporter -->
<testsuite hostname="DESKTOP-D84TOFF" failures="0" tests="1" name="springbootApp.PostNewEmployee" time="4.489" errors="0" timestamp="08 Jul 2023 07:19:35 GMT" skipped="0">
  <testcase classname="springbootApp.PostNewEmployee" name="test1" time="4.489"/>
</testsuite> <!-- springbootApp.PostNewEmployee -->
