<?xml version="1.0" encoding="UTF-8"?>
<!-- Generated by org.testng.reporters.JUnitReportReporter -->
<testsuite hostname="DESKTOP-D84TOFF" failures="0" tests="1" name="github.CreateRepo" time="7.361" errors="0" timestamp="08 Jul 2023 07:16:21 GMT" skipped="0">
  <testcase classname="github.CreateRepo" name="test1" time="7.361"/>
</testsuite> <!-- github.CreateRepo -->
