<?xml version="1.0" encoding="UTF-8"?>
<!-- Generated by org.testng.reporters.JUnitReportReporter -->
<testsuite hostname="DESKTOP-D84TOFF" failures="0" tests="1" name="restAPI.PostRequestWithJsonObject" time="2.917" errors="0" timestamp="08 Jul 2023 04:59:15 GMT" skipped="0">
  <testcase classname="restAPI.PostRequestWithJsonObject" name="test1" time="2.917"/>
</testsuite> <!-- restAPI.PostRequestWithJsonObject -->
