<?xml version="1.0" encoding="UTF-8"?>
<!-- Generated by org.testng.reporters.JUnitReportReporter -->
<testsuite hostname="DESKTOP-D84TOFF" failures="0" tests="1" name="restAPI.PostRequestWithMap" time="6.375" errors="0" timestamp="08 Jul 2023 04:46:33 GMT" skipped="0">
  <testcase classname="restAPI.PostRequestWithMap" name="test1" time="6.375"/>
</testsuite> <!-- restAPI.PostRequestWithMap -->
