<?xml version="1.0" encoding="UTF-8"?>
<!-- Generated by org.testng.reporters.JUnitReportReporter -->
<testsuite hostname="DESKTOP-D84TOFF" failures="0" tests="1" name="restAPI.DeleteRequest" time="4.282" errors="0" timestamp="08 Jul 2023 06:00:41 GMT" skipped="0">
  <testcase classname="restAPI.DeleteRequest" name="test1" time="4.282"/>
</testsuite> <!-- restAPI.DeleteRequest -->
