<?xml version="1.0" encoding="UTF-8"?>
<!-- Generated by org.testng.reporters.JUnitReportReporter -->
<testsuite hostname="DESKTOP-D84TOFF" failures="0" tests="1" name="restAPIXML.XMLTest" time="6.081" errors="0" timestamp="09 Jul 2023 06:06:26 GMT" skipped="0">
  <testcase classname="restAPIXML.XMLTest" name="test2" time="6.081"/>
</testsuite> <!-- restAPIXML.XMLTest -->
