<?xml version="1.0" encoding="UTF-8"?>
<!-- Generated by org.testng.reporters.JUnitReportReporter -->
<testsuite hostname="DESKTOP-D84TOFF" failures="0" tests="1" name="restAPIBDD.GetRequestBDD" time="5.451" errors="0" timestamp="09 Jul 2023 04:58:46 GMT" skipped="0">
  <testcase classname="restAPIBDD.GetRequestBDD" name="test3" time="5.451"/>
</testsuite> <!-- restAPIBDD.GetRequestBDD -->
