<?xml version="1.0" encoding="UTF-8"?>
<!-- Generated by org.testng.reporters.JUnitReportReporter -->
<testsuite hostname="DESKTOP-D84TOFF" failures="0" tests="1" name="restAPI.GetRequestWithParameter" time="5.144" errors="0" timestamp="08 Jul 2023 04:45:41 GMT" skipped="0">
  <testcase classname="restAPI.GetRequestWithParameter" name="test1" time="5.144"/>
</testsuite> <!-- restAPI.GetRequestWithParameter -->
