<?xml version="1.0" encoding="UTF-8"?>
<!-- Generated by org.testng.reporters.JUnitReportReporter -->
<testsuite hostname="DESKTOP-D84TOFF" failures="0" tests="1" name="restAPI.PostReuest" time="4.241" errors="0" timestamp="08 Jul 2023 05:06:04 GMT" skipped="0">
  <testcase classname="restAPI.PostReuest" name="test1" time="4.241"/>
</testsuite> <!-- restAPI.PostReuest -->
